<?xml version="1.0" encoding="UTF-8"?>
<testng-results ignored="0" total="6" passed="6" failed="0" skipped="0">
  <reporter-output>
  </reporter-output>
  <suite started-at="2025-11-18T23:14:56 IST" name="AutomationSuite" finished-at="2025-11-18T23:15:17 IST" duration-ms="20900">
    <groups>
    </groups>
    <test started-at="2025-11-18T23:14:56 IST" name="API Tests" finished-at="2025-11-18T23:14:57 IST" duration-ms="812">
      <class name="com.example.tests.api.tests.ApiHappyPathTest">
        <test-method is-config="true" signature="init()[pri:0, instance:com.example.tests.api.tests.ApiHappyPathTest@e350b40]" started-at="2025-11-18T23:14:56 IST" name="init" finished-at="2025-11-18T23:14:56 IST" duration-ms="116" status="PASS">
          <reporter-output>
          </reporter-output>
        </test-method> <!-- init -->
        <test-method signature="getPostHappyPath()[pri:0, instance:com.example.tests.api.tests.ApiHappyPathTest@e350b40]" started-at="2025-11-18T23:14:56 IST" name="getPostHappyPath" finished-at="2025-11-18T23:14:57 IST" duration-ms="615" status="PASS">
          <reporter-output>
          </reporter-output>
        </test-method> <!-- getPostHappyPath -->
      </class> <!-- com.example.tests.api.tests.ApiHappyPathTest -->
      <class name="com.example.tests.api.tests.ApiNegativeTest">
        <test-method signature="notFoundTest()[pri:0, instance:com.example.tests.api.tests.ApiNegativeTest@41a0aa7d]" started-at="2025-11-18T23:14:57 IST" name="notFoundTest" finished-at="2025-11-18T23:14:57 IST" duration-ms="73" status="PASS">
          <reporter-output>
          </reporter-output>
        </test-method> <!-- notFoundTest -->
        <test-method is-config="true" signature="init()[pri:0, instance:com.example.tests.api.tests.ApiNegativeTest@41a0aa7d]" started-at="2025-11-18T23:14:57 IST" name="init" finished-at="2025-11-18T23:14:57 IST" duration-ms="0" status="PASS">
          <reporter-output>
          </reporter-output>
        </test-method> <!-- init -->
      </class> <!-- com.example.tests.api.tests.ApiNegativeTest -->
    </test> <!-- API Tests -->
    <test started-at="2025-11-18T23:14:56 IST" name="UI Tests" finished-at="2025-11-18T23:15:17 IST" duration-ms="20900">
      <class name="com.example.tests.ui.tests.LoginFailureTest">
        <test-method is-config="true" signature="setUp(java.lang.String)[pri:0, instance:com.example.tests.ui.tests.LoginFailureTest@4659191b]" started-at="2025-11-18T23:15:07 IST" name="setUp" finished-at="2025-11-18T23:15:07 IST" duration-ms="430" status="PASS">
          <params>
            <param index="0">
              <value>
                <![CDATA[headless]]>
              </value>
            </param>
          </params>
          <reporter-output>
          </reporter-output>
        </test-method> <!-- setUp -->
        <test-method is-config="true" signature="beforeMethod(java.lang.reflect.Method)[pri:0, instance:com.example.tests.ui.tests.LoginFailureTest@4659191b]" started-at="2025-11-18T23:15:07 IST" name="beforeMethod" finished-at="2025-11-18T23:15:07 IST" duration-ms="1" status="PASS">
          <params>
            <param index="0">
              <value>
                <![CDATA[public void com.example.tests.ui.tests.LoginFailureTest.loginFailure()]]>
              </value>
            </param>
          </params>
          <reporter-output>
          </reporter-output>
        </test-method> <!-- beforeMethod -->
        <test-method signature="loginFailure()[pri:0, instance:com.example.tests.ui.tests.LoginFailureTest@4659191b]" started-at="2025-11-18T23:15:07 IST" name="loginFailure" finished-at="2025-11-18T23:15:11 IST" duration-ms="4150" status="PASS">
          <reporter-output>
          </reporter-output>
        </test-method> <!-- loginFailure -->
        <test-method is-config="true" signature="tearDownMethod(org.testng.ITestResult)[pri:0, instance:com.example.tests.ui.tests.LoginFailureTest@4659191b]" started-at="2025-11-18T23:15:11 IST" name="tearDownMethod" finished-at="2025-11-18T23:15:11 IST" duration-ms="0" status="PASS">
          <params>
            <param index="0">
              <value>
                <![CDATA[[TestResult name=loginFailure status=SUCCESS method=LoginFailureTest.loginFailure()[pri:0, instance:com.example.tests.ui.tests.LoginFailureTest@4659191b] output={null}]]]>
              </value>
            </param>
          </params>
          <reporter-output>
          </reporter-output>
        </test-method> <!-- tearDownMethod -->
        <test-method is-config="true" signature="tearDown()[pri:0, instance:com.example.tests.ui.tests.LoginFailureTest@4659191b]" started-at="2025-11-18T23:15:11 IST" name="tearDown" finished-at="2025-11-18T23:15:11 IST" duration-ms="111" status="PASS">
          <reporter-output>
          </reporter-output>
        </test-method> <!-- tearDown -->
      </class> <!-- com.example.tests.ui.tests.LoginFailureTest -->
      <class name="com.example.tests.ui.tests.LoginSuccessTest">
        <test-method is-config="true" signature="setUp(java.lang.String)[pri:0, instance:com.example.tests.ui.tests.LoginSuccessTest@6253c26]" started-at="2025-11-18T23:14:56 IST" name="setUp" finished-at="2025-11-18T23:15:01 IST" duration-ms="4723" status="PASS">
          <params>
            <param index="0">
              <value>
                <![CDATA[headless]]>
              </value>
            </param>
          </params>
          <reporter-output>
          </reporter-output>
        </test-method> <!-- setUp -->
        <test-method is-config="true" signature="beforeMethod(java.lang.reflect.Method)[pri:0, instance:com.example.tests.ui.tests.LoginSuccessTest@6253c26]" started-at="2025-11-18T23:15:01 IST" name="beforeMethod" finished-at="2025-11-18T23:15:01 IST" duration-ms="3" status="PASS">
          <params>
            <param index="0">
              <value>
                <![CDATA[public void com.example.tests.ui.tests.LoginSuccessTest.loginSuccess()]]>
              </value>
            </param>
          </params>
          <reporter-output>
          </reporter-output>
        </test-method> <!-- beforeMethod -->
        <test-method signature="loginSuccess()[pri:0, instance:com.example.tests.ui.tests.LoginSuccessTest@6253c26]" started-at="2025-11-18T23:15:01 IST" name="loginSuccess" finished-at="2025-11-18T23:15:06 IST" duration-ms="5263" status="PASS">
          <reporter-output>
          </reporter-output>
        </test-method> <!-- loginSuccess -->
        <test-method is-config="true" signature="tearDown()[pri:0, instance:com.example.tests.ui.tests.LoginSuccessTest@6253c26]" started-at="2025-11-18T23:15:06 IST" name="tearDown" finished-at="2025-11-18T23:15:07 IST" duration-ms="660" status="PASS">
          <reporter-output>
          </reporter-output>
        </test-method> <!-- tearDown -->
        <test-method is-config="true" signature="tearDownMethod(org.testng.ITestResult)[pri:0, instance:com.example.tests.ui.tests.LoginSuccessTest@6253c26]" started-at="2025-11-18T23:15:06 IST" name="tearDownMethod" finished-at="2025-11-18T23:15:06 IST" duration-ms="0" status="PASS">
          <params>
            <param index="0">
              <value>
                <![CDATA[[TestResult name=loginSuccess status=SUCCESS method=LoginSuccessTest.loginSuccess()[pri:0, instance:com.example.tests.ui.tests.LoginSuccessTest@6253c26] output={null}]]]>
              </value>
            </param>
          </params>
          <reporter-output>
          </reporter-output>
        </test-method> <!-- tearDownMethod -->
      </class> <!-- com.example.tests.ui.tests.LoginSuccessTest -->
      <class name="com.example.tests.ui.tests.LoginDataDrivenTest">
        <test-method is-config="true" signature="setUp(java.lang.String)[pri:0, instance:com.example.tests.ui.tests.LoginDataDrivenTest@55634720]" started-at="2025-11-18T23:15:11 IST" name="setUp" finished-at="2025-11-18T23:15:12 IST" duration-ms="420" status="PASS">
          <params>
            <param index="0">
              <value>
                <![CDATA[headless]]>
              </value>
            </param>
          </params>
          <reporter-output>
          </reporter-output>
        </test-method> <!-- setUp -->
        <test-method signature="loginDataDriven(java.lang.String,java.lang.String,java.lang.String)[pri:0, instance:com.example.tests.ui.tests.LoginDataDrivenTest@55634720]" started-at="2025-11-18T23:15:12 IST" name="loginDataDriven" data-provider="loginData" finished-at="2025-11-18T23:15:16 IST" duration-ms="4074" status="PASS">
          <params>
            <param index="0">
              <value>
                <![CDATA[tomsmith]]>
              </value>
            </param>
            <param index="1">
              <value>
                <![CDATA[SuperSecretPassword!]]>
              </value>
            </param>
            <param index="2">
              <value>
                <![CDATA[success]]>
              </value>
            </param>
          </params>
          <reporter-output>
          </reporter-output>
        </test-method> <!-- loginDataDriven -->
        <test-method is-config="true" signature="beforeMethod(java.lang.reflect.Method)[pri:0, instance:com.example.tests.ui.tests.LoginDataDrivenTest@55634720]" started-at="2025-11-18T23:15:12 IST" name="beforeMethod" finished-at="2025-11-18T23:15:12 IST" duration-ms="0" status="PASS">
          <params>
            <param index="0">
              <value>
                <![CDATA[public void com.example.tests.ui.tests.LoginDataDrivenTest.loginDataDriven(java.lang.String,java.lang.String,java.lang.String)]]>
              </value>
            </param>
          </params>
          <reporter-output>
          </reporter-output>
        </test-method> <!-- beforeMethod -->
        <test-method is-config="true" signature="tearDownMethod(org.testng.ITestResult)[pri:0, instance:com.example.tests.ui.tests.LoginDataDrivenTest@55634720]" started-at="2025-11-18T23:15:16 IST" name="tearDownMethod" finished-at="2025-11-18T23:15:16 IST" duration-ms="1" status="PASS">
          <params>
            <param index="0">
              <value>
                <![CDATA[[TestResult name=loginDataDriven status=SUCCESS method=LoginDataDrivenTest.loginDataDriven(java.lang.String,java.lang.String,java.lang.String)[pri:0, instance:com.example.tests.ui.tests.LoginDataDrivenTest@55634720] output={null}]]]>
              </value>
            </param>
          </params>
          <reporter-output>
          </reporter-output>
        </test-method> <!-- tearDownMethod -->
        <test-method signature="loginDataDriven(java.lang.String,java.lang.String,java.lang.String)[pri:0, instance:com.example.tests.ui.tests.LoginDataDrivenTest@55634720]" started-at="2025-11-18T23:15:16 IST" name="loginDataDriven" data-provider="loginData" finished-at="2025-11-18T23:15:17 IST" duration-ms="892" status="PASS">
          <params>
            <param index="0">
              <value>
                <![CDATA[wronguser]]>
              </value>
            </param>
            <param index="1">
              <value>
                <![CDATA[wrongpass]]>
              </value>
            </param>
            <param index="2">
              <value>
                <![CDATA[error]]>
              </value>
            </param>
          </params>
          <reporter-output>
          </reporter-output>
        </test-method> <!-- loginDataDriven -->
        <test-method is-config="true" signature="beforeMethod(java.lang.reflect.Method)[pri:0, instance:com.example.tests.ui.tests.LoginDataDrivenTest@55634720]" started-at="2025-11-18T23:15:16 IST" name="beforeMethod" finished-at="2025-11-18T23:15:16 IST" duration-ms="0" status="PASS">
          <params>
            <param index="0">
              <value>
                <![CDATA[public void com.example.tests.ui.tests.LoginDataDrivenTest.loginDataDriven(java.lang.String,java.lang.String,java.lang.String)]]>
              </value>
            </param>
          </params>
          <reporter-output>
          </reporter-output>
        </test-method> <!-- beforeMethod -->
        <test-method is-config="true" signature="tearDown()[pri:0, instance:com.example.tests.ui.tests.LoginDataDrivenTest@55634720]" started-at="2025-11-18T23:15:17 IST" name="tearDown" finished-at="2025-11-18T23:15:17 IST" duration-ms="160" status="PASS">
          <reporter-output>
          </reporter-output>
        </test-method> <!-- tearDown -->
        <test-method is-config="true" signature="tearDownMethod(org.testng.ITestResult)[pri:0, instance:com.example.tests.ui.tests.LoginDataDrivenTest@55634720]" started-at="2025-11-18T23:15:17 IST" name="tearDownMethod" finished-at="2025-11-18T23:15:17 IST" duration-ms="0" status="PASS">
          <params>
            <param index="0">
              <value>
                <![CDATA[[TestResult name=loginDataDriven status=SUCCESS method=LoginDataDrivenTest.loginDataDriven(java.lang.String,java.lang.String,java.lang.String)[pri:0, instance:com.example.tests.ui.tests.LoginDataDrivenTest@55634720] output={null}]]]>
              </value>
            </param>
          </params>
          <reporter-output>
          </reporter-output>
        </test-method> <!-- tearDownMethod -->
      </class> <!-- com.example.tests.ui.tests.LoginDataDrivenTest -->
    </test> <!-- UI Tests -->
  </suite> <!-- AutomationSuite -->
</testng-results>
