<?xml version="1.0" encoding="UTF-8"?>
<!-- Generated by org.testng.reporters.JUnitXMLReporter -->
<testsuite ignored="0" hostname="K40Y9V3KG7" failures="0" tests="4" name="UI Tests" time="15.471" errors="0" timestamp="2025-11-18T22:12:49 IST">
  <testcase classname="com.example.tests.ui.tests.LoginSuccessTest" name="loginSuccess" time="3.717"/>
  <testcase classname="com.example.tests.ui.tests.LoginFailureTest" name="loginFailure" time="3.848"/>
  <testcase classname="com.example.tests.ui.tests.LoginDataDrivenTest" name="loginDataDriven" time="3.864"/>
  <testcase classname="com.example.tests.ui.tests.LoginDataDrivenTest" name="loginDataDriven" time="0.894"/>
</testsuite> <!-- UI Tests -->
