<?xml version="1.0" encoding="UTF-8"?>
<!-- Generated by org.testng.reporters.JUnitXMLReporter -->
<testsuite ignored="0" hostname="K40Y9V3KG7" failures="0" tests="4" name="UI Tests" time="16.505" errors="0" timestamp="2025-11-18T23:18:41 IST">
  <testcase classname="com.example.tests.ui.tests.LoginSuccessTest" name="loginSuccess" time="4.508"/>
  <testcase classname="com.example.tests.ui.tests.LoginFailureTest" name="loginFailure" time="4.232"/>
  <testcase classname="com.example.tests.ui.tests.LoginDataDrivenTest" name="loginDataDriven" time="4.134"/>
  <testcase classname="com.example.tests.ui.tests.LoginDataDrivenTest" name="loginDataDriven" time="0.86"/>
</testsuite> <!-- UI Tests -->
