<?xml version="1.0" encoding="UTF-8"?>
<!-- Generated by org.testng.reporters.JUnitReportReporter -->
<testsuite hostname="K40Y9V3KG7" failures="0" tests="2" name="com.example.tests.ui.tests.LoginDataDrivenTest" time="4.758" errors="0" timestamp="2025-11-18T22:12:49 IST" skipped="0">
  <testcase classname="com.example.tests.ui.tests.LoginDataDrivenTest" name="loginDataDriven" time="3.864"/>
  <testcase classname="com.example.tests.ui.tests.LoginDataDrivenTest" name="loginDataDriven" time="0.894"/>
</testsuite> <!-- com.example.tests.ui.tests.LoginDataDrivenTest -->
