<?xml version="1.0" encoding="UTF-8"?>
<!-- Generated by org.testng.reporters.JUnitReportReporter -->
<testsuite hostname="K40Y9V3KG7" failures="0" tests="2" name="com.example.tests.ui.tests.LoginDataDrivenTest" time="4.967" errors="0" timestamp="2025-11-18T23:15:17 IST" skipped="0">
  <testcase classname="com.example.tests.ui.tests.LoginDataDrivenTest" name="loginDataDriven" time="0.893"/>
  <testcase classname="com.example.tests.ui.tests.LoginDataDrivenTest" name="loginDataDriven" time="4.074"/>
</testsuite> <!-- com.example.tests.ui.tests.LoginDataDrivenTest -->
